Build started 06.06.2017 20:33:55.
     1>Project "D:\Studium\11.Auslandssemester Argentinien\Masterprojekt\Programacion\Marilou\SAUM_NUMAREX\Code\NumarexControl\NumarexControl.vcxproj" on node 2 (build target(s)).
     1>InitializeBuildStatus:
         Creating "Debug\NumerexControl.unsuccessfulbuild" because "AlwaysCreate" was specified.
       ClCompile:
         C:\Program Files (x86)\Microsoft Visual Studio 10.0\VC\bin\CL.exe /c /I"C:\Program Files\Marilou2010\Sdks\Moda\includes" /ZI /nologo /W3 /WX- /Od /Oy- /D WIN32 /D _DEBUG /D _CONSOLE /D _UNICODE /D UNICODE /Gm /EHsc /RTC1 /MDd /GS /fp:precise /Zc:wchar_t /Zc:forScope /Fo"Debug\\" /Fd"Debug\vc100.pdb" /Gd /TP /analyze- /errorReport:prompt InputThread.cpp ServerConnection.cpp stdafx.cpp NumerexControl.cpp
         NumerexControl.cpp
     1>d:\studium\11.auslandssemester argentinien\masterprojekt\programacion\marilou\saum_numarex\code\numarexcontrol\numerexcontrol.cpp(141): warning C4996: 'strcpy': This function or variable may be unsafe. Consider using strcpy_s instead. To disable deprecation, use _CRT_SECURE_NO_WARNINGS. See online help for details.
                 c:\program files (x86)\microsoft visual studio 10.0\vc\include\string.h(105) : see declaration of 'strcpy'
     1>d:\studium\11.auslandssemester argentinien\masterprojekt\programacion\marilou\saum_numarex\code\numarexcontrol\numerexcontrol.cpp(142): warning C4996: 'strcat': This function or variable may be unsafe. Consider using strcat_s instead. To disable deprecation, use _CRT_SECURE_NO_WARNINGS. See online help for details.
                 c:\program files (x86)\microsoft visual studio 10.0\vc\include\string.h(110) : see declaration of 'strcat'
     1>d:\studium\11.auslandssemester argentinien\masterprojekt\programacion\marilou\saum_numarex\code\numarexcontrol\numerexcontrol.cpp(364): warning C4244: 'argument' : conversion from 'double' to 'float', possible loss of data
     1>d:\studium\11.auslandssemester argentinien\masterprojekt\programacion\marilou\saum_numarex\code\numarexcontrol\numerexcontrol.cpp(365): warning C4244: 'argument' : conversion from 'double' to 'float', possible loss of data
     1>d:\studium\11.auslandssemester argentinien\masterprojekt\programacion\marilou\saum_numarex\code\numarexcontrol\numerexcontrol.cpp(369): warning C4244: 'argument' : conversion from 'double' to 'float', possible loss of data
     1>d:\studium\11.auslandssemester argentinien\masterprojekt\programacion\marilou\saum_numarex\code\numarexcontrol\numerexcontrol.cpp(370): warning C4244: 'argument' : conversion from 'double' to 'float', possible loss of data
     1>d:\studium\11.auslandssemester argentinien\masterprojekt\programacion\marilou\saum_numarex\code\numarexcontrol\numerexcontrol.cpp(377): warning C4244: 'argument' : conversion from 'double' to 'float', possible loss of data
     1>d:\studium\11.auslandssemester argentinien\masterprojekt\programacion\marilou\saum_numarex\code\numarexcontrol\numerexcontrol.cpp(378): warning C4244: 'argument' : conversion from 'double' to 'float', possible loss of data
     1>d:\studium\11.auslandssemester argentinien\masterprojekt\programacion\marilou\saum_numarex\code\numarexcontrol\numerexcontrol.cpp(382): warning C4244: 'argument' : conversion from 'double' to 'float', possible loss of data
     1>d:\studium\11.auslandssemester argentinien\masterprojekt\programacion\marilou\saum_numarex\code\numarexcontrol\numerexcontrol.cpp(383): warning C4244: 'argument' : conversion from 'double' to 'float', possible loss of data
     1>d:\studium\11.auslandssemester argentinien\masterprojekt\programacion\marilou\saum_numarex\code\numarexcontrol\numerexcontrol.cpp(406): warning C4244: 'argument' : conversion from 'double' to 'float', possible loss of data
     1>d:\studium\11.auslandssemester argentinien\masterprojekt\programacion\marilou\saum_numarex\code\numarexcontrol\numerexcontrol.cpp(407): warning C4244: 'argument' : conversion from 'double' to 'float', possible loss of data
     1>d:\studium\11.auslandssemester argentinien\masterprojekt\programacion\marilou\saum_numarex\code\numarexcontrol\numerexcontrol.cpp(411): warning C4244: 'argument' : conversion from 'double' to 'float', possible loss of data
     1>d:\studium\11.auslandssemester argentinien\masterprojekt\programacion\marilou\saum_numarex\code\numarexcontrol\numerexcontrol.cpp(412): warning C4244: 'argument' : conversion from 'double' to 'float', possible loss of data
     1>d:\studium\11.auslandssemester argentinien\masterprojekt\programacion\marilou\saum_numarex\code\numarexcontrol\numerexcontrol.cpp(419): warning C4244: 'argument' : conversion from 'double' to 'float', possible loss of data
     1>d:\studium\11.auslandssemester argentinien\masterprojekt\programacion\marilou\saum_numarex\code\numarexcontrol\numerexcontrol.cpp(420): warning C4244: 'argument' : conversion from 'double' to 'float', possible loss of data
     1>d:\studium\11.auslandssemester argentinien\masterprojekt\programacion\marilou\saum_numarex\code\numarexcontrol\numerexcontrol.cpp(424): warning C4244: 'argument' : conversion from 'double' to 'float', possible loss of data
     1>d:\studium\11.auslandssemester argentinien\masterprojekt\programacion\marilou\saum_numarex\code\numarexcontrol\numerexcontrol.cpp(425): warning C4244: 'argument' : conversion from 'double' to 'float', possible loss of data
     1>d:\studium\11.auslandssemester argentinien\masterprojekt\programacion\marilou\saum_numarex\code\numarexcontrol\numerexcontrol.cpp(448): warning C4244: 'argument' : conversion from 'double' to 'float', possible loss of data
     1>d:\studium\11.auslandssemester argentinien\masterprojekt\programacion\marilou\saum_numarex\code\numarexcontrol\numerexcontrol.cpp(449): warning C4244: 'argument' : conversion from 'double' to 'float', possible loss of data
     1>d:\studium\11.auslandssemester argentinien\masterprojekt\programacion\marilou\saum_numarex\code\numarexcontrol\numerexcontrol.cpp(453): warning C4244: 'argument' : conversion from 'double' to 'float', possible loss of data
     1>d:\studium\11.auslandssemester argentinien\masterprojekt\programacion\marilou\saum_numarex\code\numarexcontrol\numerexcontrol.cpp(454): warning C4244: 'argument' : conversion from 'double' to 'float', possible loss of data
     1>d:\studium\11.auslandssemester argentinien\masterprojekt\programacion\marilou\saum_numarex\code\numarexcontrol\numerexcontrol.cpp(461): warning C4244: 'argument' : conversion from 'double' to 'float', possible loss of data
     1>d:\studium\11.auslandssemester argentinien\masterprojekt\programacion\marilou\saum_numarex\code\numarexcontrol\numerexcontrol.cpp(462): warning C4244: 'argument' : conversion from 'double' to 'float', possible loss of data
     1>d:\studium\11.auslandssemester argentinien\masterprojekt\programacion\marilou\saum_numarex\code\numarexcontrol\numerexcontrol.cpp(466): warning C4244: 'argument' : conversion from 'double' to 'float', possible loss of data
     1>d:\studium\11.auslandssemester argentinien\masterprojekt\programacion\marilou\saum_numarex\code\numarexcontrol\numerexcontrol.cpp(467): warning C4244: 'argument' : conversion from 'double' to 'float', possible loss of data
         stdafx.cpp
         ServerConnection.cpp
     1>d:\studium\11.auslandssemester argentinien\masterprojekt\programacion\marilou\saum_numarex\code\numarexcontrol\serverconnection.cpp(156): warning C4996: 'strcpy': This function or variable may be unsafe. Consider using strcpy_s instead. To disable deprecation, use _CRT_SECURE_NO_WARNINGS. See online help for details.
                 c:\program files (x86)\microsoft visual studio 10.0\vc\include\string.h(105) : see declaration of 'strcpy'
     1>d:\studium\11.auslandssemester argentinien\masterprojekt\programacion\marilou\saum_numarex\code\numarexcontrol\serverconnection.cpp(158): warning C4996: 'strcat': This function or variable may be unsafe. Consider using strcat_s instead. To disable deprecation, use _CRT_SECURE_NO_WARNINGS. See online help for details.
                 c:\program files (x86)\microsoft visual studio 10.0\vc\include\string.h(110) : see declaration of 'strcat'
     1>d:\studium\11.auslandssemester argentinien\masterprojekt\programacion\marilou\saum_numarex\code\numarexcontrol\serverconnection.cpp(159): warning C4996: 'strcat': This function or variable may be unsafe. Consider using strcat_s instead. To disable deprecation, use _CRT_SECURE_NO_WARNINGS. See online help for details.
                 c:\program files (x86)\microsoft visual studio 10.0\vc\include\string.h(110) : see declaration of 'strcat'
         InputThread.cpp
     1>d:\studium\11.auslandssemester argentinien\masterprojekt\programacion\marilou\saum_numarex\code\numarexcontrol\inputthread.cpp(107): warning C4996: 'strcpy': This function or variable may be unsafe. Consider using strcpy_s instead. To disable deprecation, use _CRT_SECURE_NO_WARNINGS. See online help for details.
                 c:\program files (x86)\microsoft visual studio 10.0\vc\include\string.h(105) : see declaration of 'strcpy'
     1>d:\studium\11.auslandssemester argentinien\masterprojekt\programacion\marilou\saum_numarex\code\numarexcontrol\inputthread.cpp(108): warning C4996: 'strcat': This function or variable may be unsafe. Consider using strcat_s instead. To disable deprecation, use _CRT_SECURE_NO_WARNINGS. See online help for details.
                 c:\program files (x86)\microsoft visual studio 10.0\vc\include\string.h(110) : see declaration of 'strcat'
     1>c:\program files (x86)\microsoft visual studio 10.0\vc\include\xutility(2503): warning C4996: 'std::_Copy_backward': Function call with parameters that may be unsafe - this call relies on the caller to check that the passed values are correct. To disable this warning, use -D_SCL_SECURE_NO_WARNINGS. See documentation on how to use Visual C++ 'Checked Iterators'
                 c:\program files (x86)\microsoft visual studio 10.0\vc\include\xutility(2488) : see declaration of 'std::_Copy_backward'
                 d:\studium\11.auslandssemester argentinien\masterprojekt\programacion\marilou\saum_numarex\code\numarexcontrol\inputthread.cpp(79) : see reference to function template instantiation '_BidIt2 std::copy_backward<char*,char*>(_BidIt1,_BidIt1,_BidIt2)' being compiled
                 with
                 [
                     _BidIt2=char *,
                     _BidIt1=char *
                 ]
         Generating Code...
       ResourceCompile:
         C:\Program Files (x86)\Microsoft SDKs\Windows\v7.0A\bin\rc.exe /D _UNICODE /D UNICODE /l"0x0409" /nologo /fo"Debug\NumerexControl.res" NumerexControl.rc 
       ManifestResourceCompile:
         C:\Program Files (x86)\Microsoft SDKs\Windows\v7.0A\bin\rc.exe /nologo /fo"Debug\NumerexControl.exe.embed.manifest.res" Debug\NumerexControl_manifest.rc 
       Link:
         C:\Program Files (x86)\Microsoft Visual Studio 10.0\VC\bin\link.exe /ERRORREPORT:PROMPT /OUT:"D:\Studium\11.Auslandssemester Argentinien\Masterprojekt\Programacion\Marilou\SAUM_NUMAREX\Code\Debug\NumerexControl.exe" /INCREMENTAL /NOLOGO /LIBPATH:"C:\Program Files\Marilou2010\Sdks\Moda\libs" "moda-x86-win-vc2010d.lib" wsock32.lib kernel32.lib user32.lib gdi32.lib winspool.lib comdlg32.lib advapi32.lib shell32.lib ole32.lib oleaut32.lib uuid.lib odbc32.lib odbccp32.lib kernel32.lib user32.lib gdi32.lib winspool.lib comdlg32.lib advapi32.lib shell32.lib ole32.lib oleaut32.lib uuid.lib odbc32.lib odbccp32.lib /MANIFEST /ManifestFile:"Debug\NumerexControl.exe.intermediate.manifest" /MANIFESTUAC:"level='asInvoker' uiAccess='false'" /DEBUG /PDB:"D:\Studium\11.Auslandssemester Argentinien\Masterprojekt\Programacion\Marilou\SAUM_NUMAREX\Code\Debug\NumerexControl.pdb" /SUBSYSTEM:CONSOLE /TLBID:1 /DYNAMICBASE /NXCOMPAT /IMPLIB:"D:\Studium\11.Auslandssemester Argentinien\Masterprojekt\Programacion\Marilou\SAUM_NUMAREX\Code\Debug\NumerexControl.lib" /MACHINE:X86 Debug\NumerexControl.res
         Debug\NumerexControl.exe.embed.manifest.res
         Debug\InputThread.obj
         Debug\ServerConnection.obj
         Debug\stdafx.obj
         Debug\NumerexControl.obj
     1>moda-x86-win-vc2010d.lib(CommandLine.obj) : warning LNK4099: PDB 'vc100.pdb' was not found with 'moda-x86-win-vc2010d.lib(CommandLine.obj)' or at 'D:\Studium\11.Auslandssemester Argentinien\Masterprojekt\Programacion\Marilou\SAUM_NUMAREX\Code\Debug\vc100.pdb'; linking object as if no debug info
     1>moda-x86-win-vc2010d.lib(Connection.obj) : warning LNK4099: PDB 'vc100.pdb' was not found with 'moda-x86-win-vc2010d.lib(Connection.obj)' or at 'D:\Studium\11.Auslandssemester Argentinien\Masterprojekt\Programacion\Marilou\SAUM_NUMAREX\Code\Debug\vc100.pdb'; linking object as if no debug info
     1>moda-x86-win-vc2010d.lib(Device.obj) : warning LNK4099: PDB 'vc100.pdb' was not found with 'moda-x86-win-vc2010d.lib(Device.obj)' or at 'D:\Studium\11.Auslandssemester Argentinien\Masterprojekt\Programacion\Marilou\SAUM_NUMAREX\Code\Debug\vc100.pdb'; linking object as if no debug info
     1>moda-x86-win-vc2010d.lib(DeviceAbsolutCompass.obj) : warning LNK4099: PDB 'vc100.pdb' was not found with 'moda-x86-win-vc2010d.lib(DeviceAbsolutCompass.obj)' or at 'D:\Studium\11.Auslandssemester Argentinien\Masterprojekt\Programacion\Marilou\SAUM_NUMAREX\Code\Debug\vc100.pdb'; linking object as if no debug info
     1>moda-x86-win-vc2010d.lib(DeviceAccelGyro.obj) : warning LNK4099: PDB 'vc100.pdb' was not found with 'moda-x86-win-vc2010d.lib(DeviceAccelGyro.obj)' or at 'D:\Studium\11.Auslandssemester Argentinien\Masterprojekt\Programacion\Marilou\SAUM_NUMAREX\Code\Debug\vc100.pdb'; linking object as if no debug info
     1>moda-x86-win-vc2010d.lib(DeviceActuatingCylinder.obj) : warning LNK4099: PDB 'vc100.pdb' was not found with 'moda-x86-win-vc2010d.lib(DeviceActuatingCylinder.obj)' or at 'D:\Studium\11.Auslandssemester Argentinien\Masterprojekt\Programacion\Marilou\SAUM_NUMAREX\Code\Debug\vc100.pdb'; linking object as if no debug info
     1>moda-x86-win-vc2010d.lib(DeviceAirPressure.obj) : warning LNK4099: PDB 'vc100.pdb' was not found with 'moda-x86-win-vc2010d.lib(DeviceAirPressure.obj)' or at 'D:\Studium\11.Auslandssemester Argentinien\Masterprojekt\Programacion\Marilou\SAUM_NUMAREX\Code\Debug\vc100.pdb'; linking object as if no debug info
     1>moda-x86-win-vc2010d.lib(DeviceCamera.obj) : warning LNK4099: PDB 'vc100.pdb' was not found with 'moda-x86-win-vc2010d.lib(DeviceCamera.obj)' or at 'D:\Studium\11.Auslandssemester Argentinien\Masterprojekt\Programacion\Marilou\SAUM_NUMAREX\Code\Debug\vc100.pdb'; linking object as if no debug info
     1>moda-x86-win-vc2010d.lib(DeviceContact.obj) : warning LNK4099: PDB 'vc100.pdb' was not found with 'moda-x86-win-vc2010d.lib(DeviceContact.obj)' or at 'D:\Studium\11.Auslandssemester Argentinien\Masterprojekt\Programacion\Marilou\SAUM_NUMAREX\Code\Debug\vc100.pdb'; linking object as if no debug info
     1>moda-x86-win-vc2010d.lib(DeviceCustomPluginLoader.obj) : warning LNK4099: PDB 'vc100.pdb' was not found with 'moda-x86-win-vc2010d.lib(DeviceCustomPluginLoader.obj)' or at 'D:\Studium\11.Auslandssemester Argentinien\Masterprojekt\Programacion\Marilou\SAUM_NUMAREX\Code\Debug\vc100.pdb'; linking object as if no debug info
     1>moda-x86-win-vc2010d.lib(DeviceDistance.obj) : warning LNK4099: PDB 'vc100.pdb' was not found with 'moda-x86-win-vc2010d.lib(DeviceDistance.obj)' or at 'D:\Studium\11.Auslandssemester Argentinien\Masterprojekt\Programacion\Marilou\SAUM_NUMAREX\Code\Debug\vc100.pdb'; linking object as if no debug info
     1>moda-x86-win-vc2010d.lib(DeviceEmitterReceiver.obj) : warning LNK4099: PDB 'vc100.pdb' was not found with 'moda-x86-win-vc2010d.lib(DeviceEmitterReceiver.obj)' or at 'D:\Studium\11.Auslandssemester Argentinien\Masterprojekt\Programacion\Marilou\SAUM_NUMAREX\Code\Debug\vc100.pdb'; linking object as if no debug info
     1>moda-x86-win-vc2010d.lib(DeviceExternalCommunicationPort.obj) : warning LNK4099: PDB 'vc100.pdb' was not found with 'moda-x86-win-vc2010d.lib(DeviceExternalCommunicationPort.obj)' or at 'D:\Studium\11.Auslandssemester Argentinien\Masterprojekt\Programacion\Marilou\SAUM_NUMAREX\Code\Debug\vc100.pdb'; linking object as if no debug info
     1>moda-x86-win-vc2010d.lib(DeviceForceSensor.obj) : warning LNK4099: PDB 'vc100.pdb' was not found with 'moda-x86-win-vc2010d.lib(DeviceForceSensor.obj)' or at 'D:\Studium\11.Auslandssemester Argentinien\Masterprojekt\Programacion\Marilou\SAUM_NUMAREX\Code\Debug\vc100.pdb'; linking object as if no debug info
     1>moda-x86-win-vc2010d.lib(DeviceGPS.obj) : warning LNK4099: PDB 'vc100.pdb' was not found with 'moda-x86-win-vc2010d.lib(DeviceGPS.obj)' or at 'D:\Studium\11.Auslandssemester Argentinien\Masterprojekt\Programacion\Marilou\SAUM_NUMAREX\Code\Debug\vc100.pdb'; linking object as if no debug info
     1>moda-x86-win-vc2010d.lib(DeviceLCD.obj) : warning LNK4099: PDB 'vc100.pdb' was not found with 'moda-x86-win-vc2010d.lib(DeviceLCD.obj)' or at 'D:\Studium\11.Auslandssemester Argentinien\Masterprojekt\Programacion\Marilou\SAUM_NUMAREX\Code\Debug\vc100.pdb'; linking object as if no debug info
     1>moda-x86-win-vc2010d.lib(DeviceLED.obj) : warning LNK4099: PDB 'vc100.pdb' was not found with 'moda-x86-win-vc2010d.lib(DeviceLED.obj)' or at 'D:\Studium\11.Auslandssemester Argentinien\Masterprojekt\Programacion\Marilou\SAUM_NUMAREX\Code\Debug\vc100.pdb'; linking object as if no debug info
     1>moda-x86-win-vc2010d.lib(DeviceLidar.obj) : warning LNK4099: PDB 'vc100.pdb' was not found with 'moda-x86-win-vc2010d.lib(DeviceLidar.obj)' or at 'D:\Studium\11.Auslandssemester Argentinien\Masterprojekt\Programacion\Marilou\SAUM_NUMAREX\Code\Debug\vc100.pdb'; linking object as if no debug info
     1>moda-x86-win-vc2010d.lib(DeviceLightSource.obj) : warning LNK4099: PDB 'vc100.pdb' was not found with 'moda-x86-win-vc2010d.lib(DeviceLightSource.obj)' or at 'D:\Studium\11.Auslandssemester Argentinien\Masterprojekt\Programacion\Marilou\SAUM_NUMAREX\Code\Debug\vc100.pdb'; linking object as if no debug info
     1>moda-x86-win-vc2010d.lib(DeviceMotor.obj) : warning LNK4099: PDB 'vc100.pdb' was not found with 'moda-x86-win-vc2010d.lib(DeviceMotor.obj)' or at 'D:\Studium\11.Auslandssemester Argentinien\Masterprojekt\Programacion\Marilou\SAUM_NUMAREX\Code\Debug\vc100.pdb'; linking object as if no debug info
     1>moda-x86-win-vc2010d.lib(DeviceRangeFinder.obj) : warning LNK4099: PDB 'vc100.pdb' was not found with 'moda-x86-win-vc2010d.lib(DeviceRangeFinder.obj)' or at 'D:\Studium\11.Auslandssemester Argentinien\Masterprojekt\Programacion\Marilou\SAUM_NUMAREX\Code\Debug\vc100.pdb'; linking object as if no debug info
     1>moda-x86-win-vc2010d.lib(DeviceSoundSource.obj) : warning LNK4099: PDB 'vc100.pdb' was not found with 'moda-x86-win-vc2010d.lib(DeviceSoundSource.obj)' or at 'D:\Studium\11.Auslandssemester Argentinien\Masterprojekt\Programacion\Marilou\SAUM_NUMAREX\Code\Debug\vc100.pdb'; linking object as if no debug info
     1>moda-x86-win-vc2010d.lib(DeviceSurfaceMotion.obj) : warning LNK4099: PDB 'vc100.pdb' was not found with 'moda-x86-win-vc2010d.lib(DeviceSurfaceMotion.obj)' or at 'D:\Studium\11.Auslandssemester Argentinien\Masterprojekt\Programacion\Marilou\SAUM_NUMAREX\Code\Debug\vc100.pdb'; linking object as if no debug info
     1>moda-x86-win-vc2010d.lib(DeviceTouchArea.obj) : warning LNK4099: PDB 'vc100.pdb' was not found with 'moda-x86-win-vc2010d.lib(DeviceTouchArea.obj)' or at 'D:\Studium\11.Auslandssemester Argentinien\Masterprojekt\Programacion\Marilou\SAUM_NUMAREX\Code\Debug\vc100.pdb'; linking object as if no debug info
     1>moda-x86-win-vc2010d.lib(Image.obj) : warning LNK4099: PDB 'vc100.pdb' was not found with 'moda-x86-win-vc2010d.lib(Image.obj)' or at 'D:\Studium\11.Auslandssemester Argentinien\Masterprojekt\Programacion\Marilou\SAUM_NUMAREX\Code\Debug\vc100.pdb'; linking object as if no debug info
     1>moda-x86-win-vc2010d.lib(ModaCommons.obj) : warning LNK4099: PDB 'vc100.pdb' was not found with 'moda-x86-win-vc2010d.lib(ModaCommons.obj)' or at 'D:\Studium\11.Auslandssemester Argentinien\Masterprojekt\Programacion\Marilou\SAUM_NUMAREX\Code\Debug\vc100.pdb'; linking object as if no debug info
     1>moda-x86-win-vc2010d.lib(ModaCPP.obj) : warning LNK4099: PDB 'vc100.pdb' was not found with 'moda-x86-win-vc2010d.lib(ModaCPP.obj)' or at 'D:\Studium\11.Auslandssemester Argentinien\Masterprojekt\Programacion\Marilou\SAUM_NUMAREX\Code\Debug\vc100.pdb'; linking object as if no debug info
     1>moda-x86-win-vc2010d.lib(ModaCPPMath.obj) : warning LNK4099: PDB 'vc100.pdb' was not found with 'moda-x86-win-vc2010d.lib(ModaCPPMath.obj)' or at 'D:\Studium\11.Auslandssemester Argentinien\Masterprojekt\Programacion\Marilou\SAUM_NUMAREX\Code\Debug\vc100.pdb'; linking object as if no debug info
     1>moda-x86-win-vc2010d.lib(ModaEntity.obj) : warning LNK4099: PDB 'vc100.pdb' was not found with 'moda-x86-win-vc2010d.lib(ModaEntity.obj)' or at 'D:\Studium\11.Auslandssemester Argentinien\Masterprojekt\Programacion\Marilou\SAUM_NUMAREX\Code\Debug\vc100.pdb'; linking object as if no debug info
     1>moda-x86-win-vc2010d.lib(ModaSTD.obj) : warning LNK4099: PDB 'vc100.pdb' was not found with 'moda-x86-win-vc2010d.lib(ModaSTD.obj)' or at 'D:\Studium\11.Auslandssemester Argentinien\Masterprojekt\Programacion\Marilou\SAUM_NUMAREX\Code\Debug\vc100.pdb'; linking object as if no debug info
     1>moda-x86-win-vc2010d.lib(PHXGeom.obj) : warning LNK4099: PDB 'vc100.pdb' was not found with 'moda-x86-win-vc2010d.lib(PHXGeom.obj)' or at 'D:\Studium\11.Auslandssemester Argentinien\Masterprojekt\Programacion\Marilou\SAUM_NUMAREX\Code\Debug\vc100.pdb'; linking object as if no debug info
     1>moda-x86-win-vc2010d.lib(RobotPHX.obj) : warning LNK4099: PDB 'vc100.pdb' was not found with 'moda-x86-win-vc2010d.lib(RobotPHX.obj)' or at 'D:\Studium\11.Auslandssemester Argentinien\Masterprojekt\Programacion\Marilou\SAUM_NUMAREX\Code\Debug\vc100.pdb'; linking object as if no debug info
     1>moda-x86-win-vc2010d.lib(SupportedMessage.obj) : warning LNK4099: PDB 'vc100.pdb' was not found with 'moda-x86-win-vc2010d.lib(SupportedMessage.obj)' or at 'D:\Studium\11.Auslandssemester Argentinien\Masterprojekt\Programacion\Marilou\SAUM_NUMAREX\Code\Debug\vc100.pdb'; linking object as if no debug info
     1>moda-x86-win-vc2010d.lib(TraceDisplay.obj) : warning LNK4099: PDB 'vc100.pdb' was not found with 'moda-x86-win-vc2010d.lib(TraceDisplay.obj)' or at 'D:\Studium\11.Auslandssemester Argentinien\Masterprojekt\Programacion\Marilou\SAUM_NUMAREX\Code\Debug\vc100.pdb'; linking object as if no debug info
     1>moda-x86-win-vc2010d.lib(xk.obj) : warning LNK4099: PDB 'vc100.pdb' was not found with 'moda-x86-win-vc2010d.lib(xk.obj)' or at 'D:\Studium\11.Auslandssemester Argentinien\Masterprojekt\Programacion\Marilou\SAUM_NUMAREX\Code\Debug\vc100.pdb'; linking object as if no debug info
     1>moda-x86-win-vc2010d.lib(xkArrayList.obj) : warning LNK4099: PDB 'vc100.pdb' was not found with 'moda-x86-win-vc2010d.lib(xkArrayList.obj)' or at 'D:\Studium\11.Auslandssemester Argentinien\Masterprojekt\Programacion\Marilou\SAUM_NUMAREX\Code\Debug\vc100.pdb'; linking object as if no debug info
     1>moda-x86-win-vc2010d.lib(xkCacheBuffer.obj) : warning LNK4099: PDB 'vc100.pdb' was not found with 'moda-x86-win-vc2010d.lib(xkCacheBuffer.obj)' or at 'D:\Studium\11.Auslandssemester Argentinien\Masterprojekt\Programacion\Marilou\SAUM_NUMAREX\Code\Debug\vc100.pdb'; linking object as if no debug info
     1>moda-x86-win-vc2010d.lib(xkMath.obj) : warning LNK4099: PDB 'vc100.pdb' was not found with 'moda-x86-win-vc2010d.lib(xkMath.obj)' or at 'D:\Studium\11.Auslandssemester Argentinien\Masterprojekt\Programacion\Marilou\SAUM_NUMAREX\Code\Debug\vc100.pdb'; linking object as if no debug info
     1>moda-x86-win-vc2010d.lib(xkString.obj) : warning LNK4099: PDB 'vc100.pdb' was not found with 'moda-x86-win-vc2010d.lib(xkString.obj)' or at 'D:\Studium\11.Auslandssemester Argentinien\Masterprojekt\Programacion\Marilou\SAUM_NUMAREX\Code\Debug\vc100.pdb'; linking object as if no debug info
     1>moda-x86-win-vc2010d.lib(xkStringParser.obj) : warning LNK4099: PDB 'vc100.pdb' was not found with 'moda-x86-win-vc2010d.lib(xkStringParser.obj)' or at 'D:\Studium\11.Auslandssemester Argentinien\Masterprojekt\Programacion\Marilou\SAUM_NUMAREX\Code\Debug\vc100.pdb'; linking object as if no debug info
     1>moda-x86-win-vc2010d.lib(xkStringW.obj) : warning LNK4099: PDB 'vc100.pdb' was not found with 'moda-x86-win-vc2010d.lib(xkStringW.obj)' or at 'D:\Studium\11.Auslandssemester Argentinien\Masterprojekt\Programacion\Marilou\SAUM_NUMAREX\Code\Debug\vc100.pdb'; linking object as if no debug info
     1>moda-x86-win-vc2010d.lib(xkTCPEngine.obj) : warning LNK4099: PDB 'vc100.pdb' was not found with 'moda-x86-win-vc2010d.lib(xkTCPEngine.obj)' or at 'D:\Studium\11.Auslandssemester Argentinien\Masterprojekt\Programacion\Marilou\SAUM_NUMAREX\Code\Debug\vc100.pdb'; linking object as if no debug info
     1>moda-x86-win-vc2010d.lib(xkTCPServerServiceRouter.obj) : warning LNK4099: PDB 'vc100.pdb' was not found with 'moda-x86-win-vc2010d.lib(xkTCPServerServiceRouter.obj)' or at 'D:\Studium\11.Auslandssemester Argentinien\Masterprojekt\Programacion\Marilou\SAUM_NUMAREX\Code\Debug\vc100.pdb'; linking object as if no debug info
       Manifest:
         C:\Program Files (x86)\Microsoft SDKs\Windows\v7.0A\bin\mt.exe /nologo /verbose /out:"Debug\NumerexControl.exe.embed.manifest" /manifest Debug\NumerexControl.exe.intermediate.manifest
         All outputs are up-to-date.
       LinkEmbedManifest:
         All outputs are up-to-date.
         NumarexControl.vcxproj -> D:\Studium\11.Auslandssemester Argentinien\Masterprojekt\Programacion\Marilou\SAUM_NUMAREX\Code\Debug\NumerexControl.exe
       FinalizeBuildStatus:
         Deleting file "Debug\NumerexControl.unsuccessfulbuild".
         Touching "Debug\NumerexControl.lastbuildstate".
     1>Done Building Project "D:\Studium\11.Auslandssemester Argentinien\Masterprojekt\Programacion\Marilou\SAUM_NUMAREX\Code\NumarexControl\NumarexControl.vcxproj" (build target(s)).

Build succeeded.

Time Elapsed 00:00:05.39
