D:\STUDIUM\11.AUSLANDSSEMESTER ARGENTINIEN\MASTERPROJEKT\MARILOU\SAUM_NUMAREX\CODE\DEBUG\NUMAREXCONTROL.EXE
D:\STUDIUM\11.AUSLANDSSEMESTER ARGENTINIEN\MASTERPROJEKT\MARILOU\SAUM_NUMAREX\CODE\DEBUG\NUMAREXCONTROL.ILK
D:\STUDIUM\11.AUSLANDSSEMESTER ARGENTINIEN\MASTERPROJEKT\MARILOU\SAUM_NUMAREX\CODE\DEBUG\NUMAREXCONTROL.PDB
D:\STUDIUM\11.AUSLANDSSEMESTER ARGENTINIEN\MASTERPROJEKT\MARILOU\SAUM_NUMAREX\CODE\NUMAREXCONTROL\DEBUG\INPUTTHREAD.OBJ
D:\STUDIUM\11.AUSLANDSSEMESTER ARGENTINIEN\MASTERPROJEKT\MARILOU\SAUM_NUMAREX\CODE\NUMAREXCONTROL\DEBUG\NUMAREXCONTROL.EXE.EMBED.MANIFEST
D:\STUDIUM\11.AUSLANDSSEMESTER ARGENTINIEN\MASTERPROJEKT\MARILOU\SAUM_NUMAREX\CODE\NUMAREXCONTROL\DEBUG\NUMAREXCONTROL.EXE.EMBED.MANIFEST.RES
D:\STUDIUM\11.AUSLANDSSEMESTER ARGENTINIEN\MASTERPROJEKT\MARILOU\SAUM_NUMAREX\CODE\NUMAREXCONTROL\DEBUG\NUMAREXCONTROL.EXE.INTERMEDIATE.MANIFEST
D:\STUDIUM\11.AUSLANDSSEMESTER ARGENTINIEN\MASTERPROJEKT\MARILOU\SAUM_NUMAREX\CODE\NUMAREXCONTROL\DEBUG\NUMAREXCONTROL.OBJ
D:\STUDIUM\11.AUSLANDSSEMESTER ARGENTINIEN\MASTERPROJEKT\MARILOU\SAUM_NUMAREX\CODE\NUMAREXCONTROL\DEBUG\NUMAREXCONTROL.RES
D:\STUDIUM\11.AUSLANDSSEMESTER ARGENTINIEN\MASTERPROJEKT\MARILOU\SAUM_NUMAREX\CODE\NUMAREXCONTROL\DEBUG\SERVERCONNECTION.OBJ
D:\STUDIUM\11.AUSLANDSSEMESTER ARGENTINIEN\MASTERPROJEKT\MARILOU\SAUM_NUMAREX\CODE\NUMAREXCONTROL\DEBUG\STDAFX.OBJ
D:\STUDIUM\11.AUSLANDSSEMESTER ARGENTINIEN\MASTERPROJEKT\MARILOU\SAUM_NUMAREX\CODE\NUMAREXCONTROL\DEBUG\VC100.PDB
D:\STUDIUM\11.AUSLANDSSEMESTER ARGENTINIEN\MASTERPROJEKT\PROGRAMACIóN\MARILOU\SAUM_NUMAREX\CODE\DEBUG\NUMAREXCONTROL.EXE
D:\STUDIUM\11.AUSLANDSSEMESTER ARGENTINIEN\MASTERPROJEKT\PROGRAMACIóN\MARILOU\SAUM_NUMAREX\CODE\DEBUG\NUMAREXCONTROL.ILK
D:\STUDIUM\11.AUSLANDSSEMESTER ARGENTINIEN\MASTERPROJEKT\PROGRAMACIÓN\MARILOU\SAUM_NUMAREX\CODE\DEBUG\NUMAREXCONTROL.PDB
D:\Studium\11.Auslandssemester Argentinien\Masterprojekt\Programación\Marilou\SAUM_NUMAREX\Code\NumarexControl\Debug\cl.command.1.tlog
D:\Studium\11.Auslandssemester Argentinien\Masterprojekt\Programación\Marilou\SAUM_NUMAREX\Code\NumarexControl\Debug\CL.read.1.tlog
D:\Studium\11.Auslandssemester Argentinien\Masterprojekt\Programación\Marilou\SAUM_NUMAREX\Code\NumarexControl\Debug\CL.write.1.tlog
D:\STUDIUM\11.AUSLANDSSEMESTER ARGENTINIEN\MASTERPROJEKT\PROGRAMACIóN\MARILOU\SAUM_NUMAREX\CODE\NUMAREXCONTROL\DEBUG\INPUTTHREAD.OBJ
D:\Studium\11.Auslandssemester Argentinien\Masterprojekt\Programación\Marilou\SAUM_NUMAREX\Code\NumarexControl\Debug\link.1220.read.1.tlog
D:\Studium\11.Auslandssemester Argentinien\Masterprojekt\Programación\Marilou\SAUM_NUMAREX\Code\NumarexControl\Debug\link.1220.read.2.tlog
D:\Studium\11.Auslandssemester Argentinien\Masterprojekt\Programación\Marilou\SAUM_NUMAREX\Code\NumarexControl\Debug\link.1220.write.1.tlog
D:\Studium\11.Auslandssemester Argentinien\Masterprojekt\Programación\Marilou\SAUM_NUMAREX\Code\NumarexControl\Debug\link.1220-cvtres.read.1.tlog
D:\Studium\11.Auslandssemester Argentinien\Masterprojekt\Programación\Marilou\SAUM_NUMAREX\Code\NumarexControl\Debug\link.1220-cvtres.write.1.tlog
D:\Studium\11.Auslandssemester Argentinien\Masterprojekt\Programación\Marilou\SAUM_NUMAREX\Code\NumarexControl\Debug\link.1448.read.1.tlog
D:\Studium\11.Auslandssemester Argentinien\Masterprojekt\Programación\Marilou\SAUM_NUMAREX\Code\NumarexControl\Debug\link.1448.read.2.tlog
D:\Studium\11.Auslandssemester Argentinien\Masterprojekt\Programación\Marilou\SAUM_NUMAREX\Code\NumarexControl\Debug\link.1448.write.1.tlog
D:\Studium\11.Auslandssemester Argentinien\Masterprojekt\Programación\Marilou\SAUM_NUMAREX\Code\NumarexControl\Debug\link.1448-cvtres.read.1.tlog
D:\Studium\11.Auslandssemester Argentinien\Masterprojekt\Programación\Marilou\SAUM_NUMAREX\Code\NumarexControl\Debug\link.1448-cvtres.write.1.tlog
D:\Studium\11.Auslandssemester Argentinien\Masterprojekt\Programación\Marilou\SAUM_NUMAREX\Code\NumarexControl\Debug\link.1560.read.1.tlog
D:\Studium\11.Auslandssemester Argentinien\Masterprojekt\Programación\Marilou\SAUM_NUMAREX\Code\NumarexControl\Debug\link.1560.read.2.tlog
D:\Studium\11.Auslandssemester Argentinien\Masterprojekt\Programación\Marilou\SAUM_NUMAREX\Code\NumarexControl\Debug\link.1560.write.1.tlog
D:\Studium\11.Auslandssemester Argentinien\Masterprojekt\Programación\Marilou\SAUM_NUMAREX\Code\NumarexControl\Debug\link.1560-cvtres.read.1.tlog
D:\Studium\11.Auslandssemester Argentinien\Masterprojekt\Programación\Marilou\SAUM_NUMAREX\Code\NumarexControl\Debug\link.1560-cvtres.write.1.tlog
D:\Studium\11.Auslandssemester Argentinien\Masterprojekt\Programación\Marilou\SAUM_NUMAREX\Code\NumarexControl\Debug\link.1792.read.1.tlog
D:\Studium\11.Auslandssemester Argentinien\Masterprojekt\Programación\Marilou\SAUM_NUMAREX\Code\NumarexControl\Debug\link.1792.read.2.tlog
D:\Studium\11.Auslandssemester Argentinien\Masterprojekt\Programación\Marilou\SAUM_NUMAREX\Code\NumarexControl\Debug\link.1792.write.1.tlog
D:\Studium\11.Auslandssemester Argentinien\Masterprojekt\Programación\Marilou\SAUM_NUMAREX\Code\NumarexControl\Debug\link.1792-cvtres.read.1.tlog
D:\Studium\11.Auslandssemester Argentinien\Masterprojekt\Programación\Marilou\SAUM_NUMAREX\Code\NumarexControl\Debug\link.1792-cvtres.write.1.tlog
D:\Studium\11.Auslandssemester Argentinien\Masterprojekt\Programación\Marilou\SAUM_NUMAREX\Code\NumarexControl\Debug\link.2092.read.1.tlog
D:\Studium\11.Auslandssemester Argentinien\Masterprojekt\Programación\Marilou\SAUM_NUMAREX\Code\NumarexControl\Debug\link.2092.read.2.tlog
D:\Studium\11.Auslandssemester Argentinien\Masterprojekt\Programación\Marilou\SAUM_NUMAREX\Code\NumarexControl\Debug\link.2092.write.1.tlog
D:\Studium\11.Auslandssemester Argentinien\Masterprojekt\Programación\Marilou\SAUM_NUMAREX\Code\NumarexControl\Debug\link.2092-cvtres.read.1.tlog
D:\Studium\11.Auslandssemester Argentinien\Masterprojekt\Programación\Marilou\SAUM_NUMAREX\Code\NumarexControl\Debug\link.2092-cvtres.write.1.tlog
D:\Studium\11.Auslandssemester Argentinien\Masterprojekt\Programación\Marilou\SAUM_NUMAREX\Code\NumarexControl\Debug\link.2432.read.1.tlog
D:\Studium\11.Auslandssemester Argentinien\Masterprojekt\Programación\Marilou\SAUM_NUMAREX\Code\NumarexControl\Debug\link.2432.read.2.tlog
D:\Studium\11.Auslandssemester Argentinien\Masterprojekt\Programación\Marilou\SAUM_NUMAREX\Code\NumarexControl\Debug\link.2432.write.1.tlog
D:\Studium\11.Auslandssemester Argentinien\Masterprojekt\Programación\Marilou\SAUM_NUMAREX\Code\NumarexControl\Debug\link.2432-cvtres.read.1.tlog
D:\Studium\11.Auslandssemester Argentinien\Masterprojekt\Programación\Marilou\SAUM_NUMAREX\Code\NumarexControl\Debug\link.2432-cvtres.write.1.tlog
D:\Studium\11.Auslandssemester Argentinien\Masterprojekt\Programación\Marilou\SAUM_NUMAREX\Code\NumarexControl\Debug\link.2572.read.1.tlog
D:\Studium\11.Auslandssemester Argentinien\Masterprojekt\Programación\Marilou\SAUM_NUMAREX\Code\NumarexControl\Debug\link.2572.read.2.tlog
D:\Studium\11.Auslandssemester Argentinien\Masterprojekt\Programación\Marilou\SAUM_NUMAREX\Code\NumarexControl\Debug\link.2572.write.1.tlog
D:\Studium\11.Auslandssemester Argentinien\Masterprojekt\Programación\Marilou\SAUM_NUMAREX\Code\NumarexControl\Debug\link.2572-cvtres.read.1.tlog
D:\Studium\11.Auslandssemester Argentinien\Masterprojekt\Programación\Marilou\SAUM_NUMAREX\Code\NumarexControl\Debug\link.2572-cvtres.write.1.tlog
D:\Studium\11.Auslandssemester Argentinien\Masterprojekt\Programación\Marilou\SAUM_NUMAREX\Code\NumarexControl\Debug\link.2684.read.1.tlog
D:\Studium\11.Auslandssemester Argentinien\Masterprojekt\Programación\Marilou\SAUM_NUMAREX\Code\NumarexControl\Debug\link.2684.read.2.tlog
D:\Studium\11.Auslandssemester Argentinien\Masterprojekt\Programación\Marilou\SAUM_NUMAREX\Code\NumarexControl\Debug\link.2684.write.1.tlog
D:\Studium\11.Auslandssemester Argentinien\Masterprojekt\Programación\Marilou\SAUM_NUMAREX\Code\NumarexControl\Debug\link.2684-cvtres.read.1.tlog
D:\Studium\11.Auslandssemester Argentinien\Masterprojekt\Programación\Marilou\SAUM_NUMAREX\Code\NumarexControl\Debug\link.2684-cvtres.write.1.tlog
D:\Studium\11.Auslandssemester Argentinien\Masterprojekt\Programación\Marilou\SAUM_NUMAREX\Code\NumarexControl\Debug\link.2944.read.1.tlog
D:\Studium\11.Auslandssemester Argentinien\Masterprojekt\Programación\Marilou\SAUM_NUMAREX\Code\NumarexControl\Debug\link.2944.read.2.tlog
D:\Studium\11.Auslandssemester Argentinien\Masterprojekt\Programación\Marilou\SAUM_NUMAREX\Code\NumarexControl\Debug\link.2944.write.1.tlog
D:\Studium\11.Auslandssemester Argentinien\Masterprojekt\Programación\Marilou\SAUM_NUMAREX\Code\NumarexControl\Debug\link.2944-cvtres.read.1.tlog
D:\Studium\11.Auslandssemester Argentinien\Masterprojekt\Programación\Marilou\SAUM_NUMAREX\Code\NumarexControl\Debug\link.2944-cvtres.write.1.tlog
D:\Studium\11.Auslandssemester Argentinien\Masterprojekt\Programación\Marilou\SAUM_NUMAREX\Code\NumarexControl\Debug\link.3068.read.1.tlog
D:\Studium\11.Auslandssemester Argentinien\Masterprojekt\Programación\Marilou\SAUM_NUMAREX\Code\NumarexControl\Debug\link.3068.read.2.tlog
D:\Studium\11.Auslandssemester Argentinien\Masterprojekt\Programación\Marilou\SAUM_NUMAREX\Code\NumarexControl\Debug\link.3068.write.1.tlog
D:\Studium\11.Auslandssemester Argentinien\Masterprojekt\Programación\Marilou\SAUM_NUMAREX\Code\NumarexControl\Debug\link.3068-cvtres.read.1.tlog
D:\Studium\11.Auslandssemester Argentinien\Masterprojekt\Programación\Marilou\SAUM_NUMAREX\Code\NumarexControl\Debug\link.3068-cvtres.write.1.tlog
D:\Studium\11.Auslandssemester Argentinien\Masterprojekt\Programación\Marilou\SAUM_NUMAREX\Code\NumarexControl\Debug\link.3392.read.1.tlog
D:\Studium\11.Auslandssemester Argentinien\Masterprojekt\Programación\Marilou\SAUM_NUMAREX\Code\NumarexControl\Debug\link.3392.read.2.tlog
D:\Studium\11.Auslandssemester Argentinien\Masterprojekt\Programación\Marilou\SAUM_NUMAREX\Code\NumarexControl\Debug\link.3392.write.1.tlog
D:\Studium\11.Auslandssemester Argentinien\Masterprojekt\Programación\Marilou\SAUM_NUMAREX\Code\NumarexControl\Debug\link.3392-cvtres.read.1.tlog
D:\Studium\11.Auslandssemester Argentinien\Masterprojekt\Programación\Marilou\SAUM_NUMAREX\Code\NumarexControl\Debug\link.3392-cvtres.write.1.tlog
D:\Studium\11.Auslandssemester Argentinien\Masterprojekt\Programación\Marilou\SAUM_NUMAREX\Code\NumarexControl\Debug\link.3416.read.1.tlog
D:\Studium\11.Auslandssemester Argentinien\Masterprojekt\Programación\Marilou\SAUM_NUMAREX\Code\NumarexControl\Debug\link.3416.read.2.tlog
D:\Studium\11.Auslandssemester Argentinien\Masterprojekt\Programación\Marilou\SAUM_NUMAREX\Code\NumarexControl\Debug\link.3416.write.1.tlog
D:\Studium\11.Auslandssemester Argentinien\Masterprojekt\Programación\Marilou\SAUM_NUMAREX\Code\NumarexControl\Debug\link.3416-cvtres.read.1.tlog
D:\Studium\11.Auslandssemester Argentinien\Masterprojekt\Programación\Marilou\SAUM_NUMAREX\Code\NumarexControl\Debug\link.3416-cvtres.write.1.tlog
D:\Studium\11.Auslandssemester Argentinien\Masterprojekt\Programación\Marilou\SAUM_NUMAREX\Code\NumarexControl\Debug\link.3596.read.1.tlog
D:\Studium\11.Auslandssemester Argentinien\Masterprojekt\Programación\Marilou\SAUM_NUMAREX\Code\NumarexControl\Debug\link.3596.read.2.tlog
D:\Studium\11.Auslandssemester Argentinien\Masterprojekt\Programación\Marilou\SAUM_NUMAREX\Code\NumarexControl\Debug\link.3596.write.1.tlog
D:\Studium\11.Auslandssemester Argentinien\Masterprojekt\Programación\Marilou\SAUM_NUMAREX\Code\NumarexControl\Debug\link.3596-cvtres.read.1.tlog
D:\Studium\11.Auslandssemester Argentinien\Masterprojekt\Programación\Marilou\SAUM_NUMAREX\Code\NumarexControl\Debug\link.3596-cvtres.write.1.tlog
D:\Studium\11.Auslandssemester Argentinien\Masterprojekt\Programación\Marilou\SAUM_NUMAREX\Code\NumarexControl\Debug\link.3612.read.1.tlog
D:\Studium\11.Auslandssemester Argentinien\Masterprojekt\Programación\Marilou\SAUM_NUMAREX\Code\NumarexControl\Debug\link.3612.read.2.tlog
D:\Studium\11.Auslandssemester Argentinien\Masterprojekt\Programación\Marilou\SAUM_NUMAREX\Code\NumarexControl\Debug\link.3612.write.1.tlog
D:\Studium\11.Auslandssemester Argentinien\Masterprojekt\Programación\Marilou\SAUM_NUMAREX\Code\NumarexControl\Debug\link.3612-cvtres.read.1.tlog
D:\Studium\11.Auslandssemester Argentinien\Masterprojekt\Programación\Marilou\SAUM_NUMAREX\Code\NumarexControl\Debug\link.3612-cvtres.write.1.tlog
D:\Studium\11.Auslandssemester Argentinien\Masterprojekt\Programación\Marilou\SAUM_NUMAREX\Code\NumarexControl\Debug\link.3644.read.1.tlog
D:\Studium\11.Auslandssemester Argentinien\Masterprojekt\Programación\Marilou\SAUM_NUMAREX\Code\NumarexControl\Debug\link.3644.read.2.tlog
D:\Studium\11.Auslandssemester Argentinien\Masterprojekt\Programación\Marilou\SAUM_NUMAREX\Code\NumarexControl\Debug\link.3644.write.1.tlog
D:\Studium\11.Auslandssemester Argentinien\Masterprojekt\Programación\Marilou\SAUM_NUMAREX\Code\NumarexControl\Debug\link.3644-cvtres.read.1.tlog
D:\Studium\11.Auslandssemester Argentinien\Masterprojekt\Programación\Marilou\SAUM_NUMAREX\Code\NumarexControl\Debug\link.3644-cvtres.write.1.tlog
D:\Studium\11.Auslandssemester Argentinien\Masterprojekt\Programación\Marilou\SAUM_NUMAREX\Code\NumarexControl\Debug\link.3656.read.1.tlog
D:\Studium\11.Auslandssemester Argentinien\Masterprojekt\Programación\Marilou\SAUM_NUMAREX\Code\NumarexControl\Debug\link.3656.read.2.tlog
D:\Studium\11.Auslandssemester Argentinien\Masterprojekt\Programación\Marilou\SAUM_NUMAREX\Code\NumarexControl\Debug\link.3656.write.1.tlog
D:\Studium\11.Auslandssemester Argentinien\Masterprojekt\Programación\Marilou\SAUM_NUMAREX\Code\NumarexControl\Debug\link.3656-cvtres.read.1.tlog
D:\Studium\11.Auslandssemester Argentinien\Masterprojekt\Programación\Marilou\SAUM_NUMAREX\Code\NumarexControl\Debug\link.3656-cvtres.write.1.tlog
D:\Studium\11.Auslandssemester Argentinien\Masterprojekt\Programación\Marilou\SAUM_NUMAREX\Code\NumarexControl\Debug\link.3660.read.1.tlog
D:\Studium\11.Auslandssemester Argentinien\Masterprojekt\Programación\Marilou\SAUM_NUMAREX\Code\NumarexControl\Debug\link.3660.write.1.tlog
D:\Studium\11.Auslandssemester Argentinien\Masterprojekt\Programación\Marilou\SAUM_NUMAREX\Code\NumarexControl\Debug\link.3660-cvtres.read.1.tlog
D:\Studium\11.Auslandssemester Argentinien\Masterprojekt\Programación\Marilou\SAUM_NUMAREX\Code\NumarexControl\Debug\link.3660-cvtres.write.1.tlog
D:\Studium\11.Auslandssemester Argentinien\Masterprojekt\Programación\Marilou\SAUM_NUMAREX\Code\NumarexControl\Debug\link.3700.read.1.tlog
D:\Studium\11.Auslandssemester Argentinien\Masterprojekt\Programación\Marilou\SAUM_NUMAREX\Code\NumarexControl\Debug\link.3700.read.2.tlog
D:\Studium\11.Auslandssemester Argentinien\Masterprojekt\Programación\Marilou\SAUM_NUMAREX\Code\NumarexControl\Debug\link.3700.write.1.tlog
D:\Studium\11.Auslandssemester Argentinien\Masterprojekt\Programación\Marilou\SAUM_NUMAREX\Code\NumarexControl\Debug\link.3700-cvtres.read.1.tlog
D:\Studium\11.Auslandssemester Argentinien\Masterprojekt\Programación\Marilou\SAUM_NUMAREX\Code\NumarexControl\Debug\link.3700-cvtres.write.1.tlog
D:\Studium\11.Auslandssemester Argentinien\Masterprojekt\Programación\Marilou\SAUM_NUMAREX\Code\NumarexControl\Debug\link.3900.read.1.tlog
D:\Studium\11.Auslandssemester Argentinien\Masterprojekt\Programación\Marilou\SAUM_NUMAREX\Code\NumarexControl\Debug\link.3900.read.2.tlog
D:\Studium\11.Auslandssemester Argentinien\Masterprojekt\Programación\Marilou\SAUM_NUMAREX\Code\NumarexControl\Debug\link.3900.write.1.tlog
D:\Studium\11.Auslandssemester Argentinien\Masterprojekt\Programación\Marilou\SAUM_NUMAREX\Code\NumarexControl\Debug\link.3900-cvtres.read.1.tlog
D:\Studium\11.Auslandssemester Argentinien\Masterprojekt\Programación\Marilou\SAUM_NUMAREX\Code\NumarexControl\Debug\link.3900-cvtres.write.1.tlog
D:\Studium\11.Auslandssemester Argentinien\Masterprojekt\Programación\Marilou\SAUM_NUMAREX\Code\NumarexControl\Debug\link.4036.read.1.tlog
D:\Studium\11.Auslandssemester Argentinien\Masterprojekt\Programación\Marilou\SAUM_NUMAREX\Code\NumarexControl\Debug\link.4036.read.2.tlog
D:\Studium\11.Auslandssemester Argentinien\Masterprojekt\Programación\Marilou\SAUM_NUMAREX\Code\NumarexControl\Debug\link.4036.write.1.tlog
D:\Studium\11.Auslandssemester Argentinien\Masterprojekt\Programación\Marilou\SAUM_NUMAREX\Code\NumarexControl\Debug\link.4036-cvtres.read.1.tlog
D:\Studium\11.Auslandssemester Argentinien\Masterprojekt\Programación\Marilou\SAUM_NUMAREX\Code\NumarexControl\Debug\link.4036-cvtres.write.1.tlog
D:\Studium\11.Auslandssemester Argentinien\Masterprojekt\Programación\Marilou\SAUM_NUMAREX\Code\NumarexControl\Debug\link.4076.read.1.tlog
D:\Studium\11.Auslandssemester Argentinien\Masterprojekt\Programación\Marilou\SAUM_NUMAREX\Code\NumarexControl\Debug\link.4076.read.2.tlog
D:\Studium\11.Auslandssemester Argentinien\Masterprojekt\Programación\Marilou\SAUM_NUMAREX\Code\NumarexControl\Debug\link.4076.write.1.tlog
D:\Studium\11.Auslandssemester Argentinien\Masterprojekt\Programación\Marilou\SAUM_NUMAREX\Code\NumarexControl\Debug\link.4076-cvtres.read.1.tlog
D:\Studium\11.Auslandssemester Argentinien\Masterprojekt\Programación\Marilou\SAUM_NUMAREX\Code\NumarexControl\Debug\link.4076-cvtres.write.1.tlog
D:\Studium\11.Auslandssemester Argentinien\Masterprojekt\Programación\Marilou\SAUM_NUMAREX\Code\NumarexControl\Debug\link.4148.read.1.tlog
D:\Studium\11.Auslandssemester Argentinien\Masterprojekt\Programación\Marilou\SAUM_NUMAREX\Code\NumarexControl\Debug\link.4148.read.2.tlog
D:\Studium\11.Auslandssemester Argentinien\Masterprojekt\Programación\Marilou\SAUM_NUMAREX\Code\NumarexControl\Debug\link.4148.write.1.tlog
D:\Studium\11.Auslandssemester Argentinien\Masterprojekt\Programación\Marilou\SAUM_NUMAREX\Code\NumarexControl\Debug\link.4148-cvtres.read.1.tlog
D:\Studium\11.Auslandssemester Argentinien\Masterprojekt\Programación\Marilou\SAUM_NUMAREX\Code\NumarexControl\Debug\link.4148-cvtres.write.1.tlog
D:\Studium\11.Auslandssemester Argentinien\Masterprojekt\Programación\Marilou\SAUM_NUMAREX\Code\NumarexControl\Debug\link.4376.read.1.tlog
D:\Studium\11.Auslandssemester Argentinien\Masterprojekt\Programación\Marilou\SAUM_NUMAREX\Code\NumarexControl\Debug\link.4376.read.2.tlog
D:\Studium\11.Auslandssemester Argentinien\Masterprojekt\Programación\Marilou\SAUM_NUMAREX\Code\NumarexControl\Debug\link.4376.write.1.tlog
D:\Studium\11.Auslandssemester Argentinien\Masterprojekt\Programación\Marilou\SAUM_NUMAREX\Code\NumarexControl\Debug\link.4376-cvtres.read.1.tlog
D:\Studium\11.Auslandssemester Argentinien\Masterprojekt\Programación\Marilou\SAUM_NUMAREX\Code\NumarexControl\Debug\link.4376-cvtres.write.1.tlog
D:\Studium\11.Auslandssemester Argentinien\Masterprojekt\Programación\Marilou\SAUM_NUMAREX\Code\NumarexControl\Debug\link.4456.read.1.tlog
D:\Studium\11.Auslandssemester Argentinien\Masterprojekt\Programación\Marilou\SAUM_NUMAREX\Code\NumarexControl\Debug\link.4456.read.2.tlog
D:\Studium\11.Auslandssemester Argentinien\Masterprojekt\Programación\Marilou\SAUM_NUMAREX\Code\NumarexControl\Debug\link.4456.write.1.tlog
D:\Studium\11.Auslandssemester Argentinien\Masterprojekt\Programación\Marilou\SAUM_NUMAREX\Code\NumarexControl\Debug\link.4456-cvtres.read.1.tlog
D:\Studium\11.Auslandssemester Argentinien\Masterprojekt\Programación\Marilou\SAUM_NUMAREX\Code\NumarexControl\Debug\link.4456-cvtres.write.1.tlog
D:\Studium\11.Auslandssemester Argentinien\Masterprojekt\Programación\Marilou\SAUM_NUMAREX\Code\NumarexControl\Debug\link.4584.read.1.tlog
D:\Studium\11.Auslandssemester Argentinien\Masterprojekt\Programación\Marilou\SAUM_NUMAREX\Code\NumarexControl\Debug\link.4584.read.2.tlog
D:\Studium\11.Auslandssemester Argentinien\Masterprojekt\Programación\Marilou\SAUM_NUMAREX\Code\NumarexControl\Debug\link.4584.write.1.tlog
D:\Studium\11.Auslandssemester Argentinien\Masterprojekt\Programación\Marilou\SAUM_NUMAREX\Code\NumarexControl\Debug\link.4584-cvtres.read.1.tlog
D:\Studium\11.Auslandssemester Argentinien\Masterprojekt\Programación\Marilou\SAUM_NUMAREX\Code\NumarexControl\Debug\link.4584-cvtres.write.1.tlog
D:\Studium\11.Auslandssemester Argentinien\Masterprojekt\Programación\Marilou\SAUM_NUMAREX\Code\NumarexControl\Debug\link.4788.read.1.tlog
D:\Studium\11.Auslandssemester Argentinien\Masterprojekt\Programación\Marilou\SAUM_NUMAREX\Code\NumarexControl\Debug\link.4788.read.2.tlog
D:\Studium\11.Auslandssemester Argentinien\Masterprojekt\Programación\Marilou\SAUM_NUMAREX\Code\NumarexControl\Debug\link.4788.write.1.tlog
D:\Studium\11.Auslandssemester Argentinien\Masterprojekt\Programación\Marilou\SAUM_NUMAREX\Code\NumarexControl\Debug\link.4788-cvtres.read.1.tlog
D:\Studium\11.Auslandssemester Argentinien\Masterprojekt\Programación\Marilou\SAUM_NUMAREX\Code\NumarexControl\Debug\link.4788-cvtres.write.1.tlog
D:\Studium\11.Auslandssemester Argentinien\Masterprojekt\Programación\Marilou\SAUM_NUMAREX\Code\NumarexControl\Debug\link.4804.read.1.tlog
D:\Studium\11.Auslandssemester Argentinien\Masterprojekt\Programación\Marilou\SAUM_NUMAREX\Code\NumarexControl\Debug\link.4804.read.2.tlog
D:\Studium\11.Auslandssemester Argentinien\Masterprojekt\Programación\Marilou\SAUM_NUMAREX\Code\NumarexControl\Debug\link.4804.write.1.tlog
D:\Studium\11.Auslandssemester Argentinien\Masterprojekt\Programación\Marilou\SAUM_NUMAREX\Code\NumarexControl\Debug\link.4804-cvtres.read.1.tlog
D:\Studium\11.Auslandssemester Argentinien\Masterprojekt\Programación\Marilou\SAUM_NUMAREX\Code\NumarexControl\Debug\link.4804-cvtres.write.1.tlog
D:\Studium\11.Auslandssemester Argentinien\Masterprojekt\Programación\Marilou\SAUM_NUMAREX\Code\NumarexControl\Debug\link.5068.read.1.tlog
D:\Studium\11.Auslandssemester Argentinien\Masterprojekt\Programación\Marilou\SAUM_NUMAREX\Code\NumarexControl\Debug\link.5068.read.2.tlog
D:\Studium\11.Auslandssemester Argentinien\Masterprojekt\Programación\Marilou\SAUM_NUMAREX\Code\NumarexControl\Debug\link.5068.write.1.tlog
D:\Studium\11.Auslandssemester Argentinien\Masterprojekt\Programación\Marilou\SAUM_NUMAREX\Code\NumarexControl\Debug\link.5068-cvtres.read.1.tlog
D:\Studium\11.Auslandssemester Argentinien\Masterprojekt\Programación\Marilou\SAUM_NUMAREX\Code\NumarexControl\Debug\link.5068-cvtres.write.1.tlog
D:\Studium\11.Auslandssemester Argentinien\Masterprojekt\Programación\Marilou\SAUM_NUMAREX\Code\NumarexControl\Debug\link.5156.read.1.tlog
D:\Studium\11.Auslandssemester Argentinien\Masterprojekt\Programación\Marilou\SAUM_NUMAREX\Code\NumarexControl\Debug\link.5156.read.2.tlog
D:\Studium\11.Auslandssemester Argentinien\Masterprojekt\Programación\Marilou\SAUM_NUMAREX\Code\NumarexControl\Debug\link.5156.write.1.tlog
D:\Studium\11.Auslandssemester Argentinien\Masterprojekt\Programación\Marilou\SAUM_NUMAREX\Code\NumarexControl\Debug\link.5156-cvtres.read.1.tlog
D:\Studium\11.Auslandssemester Argentinien\Masterprojekt\Programación\Marilou\SAUM_NUMAREX\Code\NumarexControl\Debug\link.5156-cvtres.write.1.tlog
D:\Studium\11.Auslandssemester Argentinien\Masterprojekt\Programación\Marilou\SAUM_NUMAREX\Code\NumarexControl\Debug\link.5324.read.1.tlog
D:\Studium\11.Auslandssemester Argentinien\Masterprojekt\Programación\Marilou\SAUM_NUMAREX\Code\NumarexControl\Debug\link.5324.read.2.tlog
D:\Studium\11.Auslandssemester Argentinien\Masterprojekt\Programación\Marilou\SAUM_NUMAREX\Code\NumarexControl\Debug\link.5324.write.1.tlog
D:\Studium\11.Auslandssemester Argentinien\Masterprojekt\Programación\Marilou\SAUM_NUMAREX\Code\NumarexControl\Debug\link.5324-cvtres.read.1.tlog
D:\Studium\11.Auslandssemester Argentinien\Masterprojekt\Programación\Marilou\SAUM_NUMAREX\Code\NumarexControl\Debug\link.5324-cvtres.write.1.tlog
D:\Studium\11.Auslandssemester Argentinien\Masterprojekt\Programación\Marilou\SAUM_NUMAREX\Code\NumarexControl\Debug\link.5396.read.1.tlog
D:\Studium\11.Auslandssemester Argentinien\Masterprojekt\Programación\Marilou\SAUM_NUMAREX\Code\NumarexControl\Debug\link.5396.read.2.tlog
D:\Studium\11.Auslandssemester Argentinien\Masterprojekt\Programación\Marilou\SAUM_NUMAREX\Code\NumarexControl\Debug\link.5396.write.1.tlog
D:\Studium\11.Auslandssemester Argentinien\Masterprojekt\Programación\Marilou\SAUM_NUMAREX\Code\NumarexControl\Debug\link.5396-cvtres.read.1.tlog
D:\Studium\11.Auslandssemester Argentinien\Masterprojekt\Programación\Marilou\SAUM_NUMAREX\Code\NumarexControl\Debug\link.5396-cvtres.write.1.tlog
D:\Studium\11.Auslandssemester Argentinien\Masterprojekt\Programación\Marilou\SAUM_NUMAREX\Code\NumarexControl\Debug\link.5572.read.1.tlog
D:\Studium\11.Auslandssemester Argentinien\Masterprojekt\Programación\Marilou\SAUM_NUMAREX\Code\NumarexControl\Debug\link.5572.read.2.tlog
D:\Studium\11.Auslandssemester Argentinien\Masterprojekt\Programación\Marilou\SAUM_NUMAREX\Code\NumarexControl\Debug\link.5572.write.1.tlog
D:\Studium\11.Auslandssemester Argentinien\Masterprojekt\Programación\Marilou\SAUM_NUMAREX\Code\NumarexControl\Debug\link.5572-cvtres.read.1.tlog
D:\Studium\11.Auslandssemester Argentinien\Masterprojekt\Programación\Marilou\SAUM_NUMAREX\Code\NumarexControl\Debug\link.5572-cvtres.write.1.tlog
D:\Studium\11.Auslandssemester Argentinien\Masterprojekt\Programación\Marilou\SAUM_NUMAREX\Code\NumarexControl\Debug\link.5592.read.1.tlog
D:\Studium\11.Auslandssemester Argentinien\Masterprojekt\Programación\Marilou\SAUM_NUMAREX\Code\NumarexControl\Debug\link.5592.read.2.tlog
D:\Studium\11.Auslandssemester Argentinien\Masterprojekt\Programación\Marilou\SAUM_NUMAREX\Code\NumarexControl\Debug\link.5592.write.1.tlog
D:\Studium\11.Auslandssemester Argentinien\Masterprojekt\Programación\Marilou\SAUM_NUMAREX\Code\NumarexControl\Debug\link.5592-cvtres.read.1.tlog
D:\Studium\11.Auslandssemester Argentinien\Masterprojekt\Programación\Marilou\SAUM_NUMAREX\Code\NumarexControl\Debug\link.5592-cvtres.write.1.tlog
D:\Studium\11.Auslandssemester Argentinien\Masterprojekt\Programación\Marilou\SAUM_NUMAREX\Code\NumarexControl\Debug\link.5744.read.1.tlog
D:\Studium\11.Auslandssemester Argentinien\Masterprojekt\Programación\Marilou\SAUM_NUMAREX\Code\NumarexControl\Debug\link.5744.read.2.tlog
D:\Studium\11.Auslandssemester Argentinien\Masterprojekt\Programación\Marilou\SAUM_NUMAREX\Code\NumarexControl\Debug\link.5744.write.1.tlog
D:\Studium\11.Auslandssemester Argentinien\Masterprojekt\Programación\Marilou\SAUM_NUMAREX\Code\NumarexControl\Debug\link.5744-cvtres.read.1.tlog
D:\Studium\11.Auslandssemester Argentinien\Masterprojekt\Programación\Marilou\SAUM_NUMAREX\Code\NumarexControl\Debug\link.5744-cvtres.write.1.tlog
D:\Studium\11.Auslandssemester Argentinien\Masterprojekt\Programación\Marilou\SAUM_NUMAREX\Code\NumarexControl\Debug\link.5940.read.1.tlog
D:\Studium\11.Auslandssemester Argentinien\Masterprojekt\Programación\Marilou\SAUM_NUMAREX\Code\NumarexControl\Debug\link.5940.read.2.tlog
D:\Studium\11.Auslandssemester Argentinien\Masterprojekt\Programación\Marilou\SAUM_NUMAREX\Code\NumarexControl\Debug\link.5940.write.1.tlog
D:\Studium\11.Auslandssemester Argentinien\Masterprojekt\Programación\Marilou\SAUM_NUMAREX\Code\NumarexControl\Debug\link.5940-cvtres.read.1.tlog
D:\Studium\11.Auslandssemester Argentinien\Masterprojekt\Programación\Marilou\SAUM_NUMAREX\Code\NumarexControl\Debug\link.5940-cvtres.write.1.tlog
D:\Studium\11.Auslandssemester Argentinien\Masterprojekt\Programación\Marilou\SAUM_NUMAREX\Code\NumarexControl\Debug\link.5952.read.1.tlog
D:\Studium\11.Auslandssemester Argentinien\Masterprojekt\Programación\Marilou\SAUM_NUMAREX\Code\NumarexControl\Debug\link.5952.read.2.tlog
D:\Studium\11.Auslandssemester Argentinien\Masterprojekt\Programación\Marilou\SAUM_NUMAREX\Code\NumarexControl\Debug\link.5952.write.1.tlog
D:\Studium\11.Auslandssemester Argentinien\Masterprojekt\Programación\Marilou\SAUM_NUMAREX\Code\NumarexControl\Debug\link.5952-cvtres.read.1.tlog
D:\Studium\11.Auslandssemester Argentinien\Masterprojekt\Programación\Marilou\SAUM_NUMAREX\Code\NumarexControl\Debug\link.5952-cvtres.write.1.tlog
D:\Studium\11.Auslandssemester Argentinien\Masterprojekt\Programación\Marilou\SAUM_NUMAREX\Code\NumarexControl\Debug\link.6140.read.1.tlog
D:\Studium\11.Auslandssemester Argentinien\Masterprojekt\Programación\Marilou\SAUM_NUMAREX\Code\NumarexControl\Debug\link.6140.read.2.tlog
D:\Studium\11.Auslandssemester Argentinien\Masterprojekt\Programación\Marilou\SAUM_NUMAREX\Code\NumarexControl\Debug\link.6140.write.1.tlog
D:\Studium\11.Auslandssemester Argentinien\Masterprojekt\Programación\Marilou\SAUM_NUMAREX\Code\NumarexControl\Debug\link.6140-cvtres.read.1.tlog
D:\Studium\11.Auslandssemester Argentinien\Masterprojekt\Programación\Marilou\SAUM_NUMAREX\Code\NumarexControl\Debug\link.6140-cvtres.write.1.tlog
D:\Studium\11.Auslandssemester Argentinien\Masterprojekt\Programación\Marilou\SAUM_NUMAREX\Code\NumarexControl\Debug\link.6256.read.1.tlog
D:\Studium\11.Auslandssemester Argentinien\Masterprojekt\Programación\Marilou\SAUM_NUMAREX\Code\NumarexControl\Debug\link.6256.read.2.tlog
D:\Studium\11.Auslandssemester Argentinien\Masterprojekt\Programación\Marilou\SAUM_NUMAREX\Code\NumarexControl\Debug\link.6256.write.1.tlog
D:\Studium\11.Auslandssemester Argentinien\Masterprojekt\Programación\Marilou\SAUM_NUMAREX\Code\NumarexControl\Debug\link.6256-cvtres.read.1.tlog
D:\Studium\11.Auslandssemester Argentinien\Masterprojekt\Programación\Marilou\SAUM_NUMAREX\Code\NumarexControl\Debug\link.6256-cvtres.write.1.tlog
D:\Studium\11.Auslandssemester Argentinien\Masterprojekt\Programación\Marilou\SAUM_NUMAREX\Code\NumarexControl\Debug\link.6268.read.1.tlog
D:\Studium\11.Auslandssemester Argentinien\Masterprojekt\Programación\Marilou\SAUM_NUMAREX\Code\NumarexControl\Debug\link.6268.read.2.tlog
D:\Studium\11.Auslandssemester Argentinien\Masterprojekt\Programación\Marilou\SAUM_NUMAREX\Code\NumarexControl\Debug\link.6268.write.1.tlog
D:\Studium\11.Auslandssemester Argentinien\Masterprojekt\Programación\Marilou\SAUM_NUMAREX\Code\NumarexControl\Debug\link.6268-cvtres.read.1.tlog
D:\Studium\11.Auslandssemester Argentinien\Masterprojekt\Programación\Marilou\SAUM_NUMAREX\Code\NumarexControl\Debug\link.6268-cvtres.write.1.tlog
D:\Studium\11.Auslandssemester Argentinien\Masterprojekt\Programación\Marilou\SAUM_NUMAREX\Code\NumarexControl\Debug\link.6316.read.1.tlog
D:\Studium\11.Auslandssemester Argentinien\Masterprojekt\Programación\Marilou\SAUM_NUMAREX\Code\NumarexControl\Debug\link.6316.read.2.tlog
D:\Studium\11.Auslandssemester Argentinien\Masterprojekt\Programación\Marilou\SAUM_NUMAREX\Code\NumarexControl\Debug\link.6316.write.1.tlog
D:\Studium\11.Auslandssemester Argentinien\Masterprojekt\Programación\Marilou\SAUM_NUMAREX\Code\NumarexControl\Debug\link.6316-cvtres.read.1.tlog
D:\Studium\11.Auslandssemester Argentinien\Masterprojekt\Programación\Marilou\SAUM_NUMAREX\Code\NumarexControl\Debug\link.6316-cvtres.write.1.tlog
D:\Studium\11.Auslandssemester Argentinien\Masterprojekt\Programación\Marilou\SAUM_NUMAREX\Code\NumarexControl\Debug\link.6452.read.1.tlog
D:\Studium\11.Auslandssemester Argentinien\Masterprojekt\Programación\Marilou\SAUM_NUMAREX\Code\NumarexControl\Debug\link.6452.read.2.tlog
D:\Studium\11.Auslandssemester Argentinien\Masterprojekt\Programación\Marilou\SAUM_NUMAREX\Code\NumarexControl\Debug\link.6452.write.1.tlog
D:\Studium\11.Auslandssemester Argentinien\Masterprojekt\Programación\Marilou\SAUM_NUMAREX\Code\NumarexControl\Debug\link.6452-cvtres.read.1.tlog
D:\Studium\11.Auslandssemester Argentinien\Masterprojekt\Programación\Marilou\SAUM_NUMAREX\Code\NumarexControl\Debug\link.6452-cvtres.write.1.tlog
D:\Studium\11.Auslandssemester Argentinien\Masterprojekt\Programación\Marilou\SAUM_NUMAREX\Code\NumarexControl\Debug\link.6532.read.1.tlog
D:\Studium\11.Auslandssemester Argentinien\Masterprojekt\Programación\Marilou\SAUM_NUMAREX\Code\NumarexControl\Debug\link.6532.read.2.tlog
D:\Studium\11.Auslandssemester Argentinien\Masterprojekt\Programación\Marilou\SAUM_NUMAREX\Code\NumarexControl\Debug\link.6532.write.1.tlog
D:\Studium\11.Auslandssemester Argentinien\Masterprojekt\Programación\Marilou\SAUM_NUMAREX\Code\NumarexControl\Debug\link.6532-cvtres.read.1.tlog
D:\Studium\11.Auslandssemester Argentinien\Masterprojekt\Programación\Marilou\SAUM_NUMAREX\Code\NumarexControl\Debug\link.6532-cvtres.write.1.tlog
D:\Studium\11.Auslandssemester Argentinien\Masterprojekt\Programación\Marilou\SAUM_NUMAREX\Code\NumarexControl\Debug\link.6604.read.1.tlog
D:\Studium\11.Auslandssemester Argentinien\Masterprojekt\Programación\Marilou\SAUM_NUMAREX\Code\NumarexControl\Debug\link.6604.read.2.tlog
D:\Studium\11.Auslandssemester Argentinien\Masterprojekt\Programación\Marilou\SAUM_NUMAREX\Code\NumarexControl\Debug\link.6604.write.1.tlog
D:\Studium\11.Auslandssemester Argentinien\Masterprojekt\Programación\Marilou\SAUM_NUMAREX\Code\NumarexControl\Debug\link.6604-cvtres.read.1.tlog
D:\Studium\11.Auslandssemester Argentinien\Masterprojekt\Programación\Marilou\SAUM_NUMAREX\Code\NumarexControl\Debug\link.6604-cvtres.write.1.tlog
D:\Studium\11.Auslandssemester Argentinien\Masterprojekt\Programación\Marilou\SAUM_NUMAREX\Code\NumarexControl\Debug\link.6680.read.1.tlog
D:\Studium\11.Auslandssemester Argentinien\Masterprojekt\Programación\Marilou\SAUM_NUMAREX\Code\NumarexControl\Debug\link.6680.read.2.tlog
D:\Studium\11.Auslandssemester Argentinien\Masterprojekt\Programación\Marilou\SAUM_NUMAREX\Code\NumarexControl\Debug\link.6680.write.1.tlog
D:\Studium\11.Auslandssemester Argentinien\Masterprojekt\Programación\Marilou\SAUM_NUMAREX\Code\NumarexControl\Debug\link.6680-cvtres.read.1.tlog
D:\Studium\11.Auslandssemester Argentinien\Masterprojekt\Programación\Marilou\SAUM_NUMAREX\Code\NumarexControl\Debug\link.6680-cvtres.write.1.tlog
D:\Studium\11.Auslandssemester Argentinien\Masterprojekt\Programación\Marilou\SAUM_NUMAREX\Code\NumarexControl\Debug\link.6744.read.1.tlog
D:\Studium\11.Auslandssemester Argentinien\Masterprojekt\Programación\Marilou\SAUM_NUMAREX\Code\NumarexControl\Debug\link.6744.read.2.tlog
D:\Studium\11.Auslandssemester Argentinien\Masterprojekt\Programación\Marilou\SAUM_NUMAREX\Code\NumarexControl\Debug\link.6744.write.1.tlog
D:\Studium\11.Auslandssemester Argentinien\Masterprojekt\Programación\Marilou\SAUM_NUMAREX\Code\NumarexControl\Debug\link.6744-cvtres.read.1.tlog
D:\Studium\11.Auslandssemester Argentinien\Masterprojekt\Programación\Marilou\SAUM_NUMAREX\Code\NumarexControl\Debug\link.6744-cvtres.write.1.tlog
D:\Studium\11.Auslandssemester Argentinien\Masterprojekt\Programación\Marilou\SAUM_NUMAREX\Code\NumarexControl\Debug\link.6768.read.1.tlog
D:\Studium\11.Auslandssemester Argentinien\Masterprojekt\Programación\Marilou\SAUM_NUMAREX\Code\NumarexControl\Debug\link.6768.read.2.tlog
D:\Studium\11.Auslandssemester Argentinien\Masterprojekt\Programación\Marilou\SAUM_NUMAREX\Code\NumarexControl\Debug\link.6768.write.1.tlog
D:\Studium\11.Auslandssemester Argentinien\Masterprojekt\Programación\Marilou\SAUM_NUMAREX\Code\NumarexControl\Debug\link.6768-cvtres.read.1.tlog
D:\Studium\11.Auslandssemester Argentinien\Masterprojekt\Programación\Marilou\SAUM_NUMAREX\Code\NumarexControl\Debug\link.6768-cvtres.write.1.tlog
D:\Studium\11.Auslandssemester Argentinien\Masterprojekt\Programación\Marilou\SAUM_NUMAREX\Code\NumarexControl\Debug\link.6860.read.1.tlog
D:\Studium\11.Auslandssemester Argentinien\Masterprojekt\Programación\Marilou\SAUM_NUMAREX\Code\NumarexControl\Debug\link.6860.read.2.tlog
D:\Studium\11.Auslandssemester Argentinien\Masterprojekt\Programación\Marilou\SAUM_NUMAREX\Code\NumarexControl\Debug\link.6860.write.1.tlog
D:\Studium\11.Auslandssemester Argentinien\Masterprojekt\Programación\Marilou\SAUM_NUMAREX\Code\NumarexControl\Debug\link.6860-cvtres.read.1.tlog
D:\Studium\11.Auslandssemester Argentinien\Masterprojekt\Programación\Marilou\SAUM_NUMAREX\Code\NumarexControl\Debug\link.6860-cvtres.write.1.tlog
D:\Studium\11.Auslandssemester Argentinien\Masterprojekt\Programación\Marilou\SAUM_NUMAREX\Code\NumarexControl\Debug\link.6968.read.1.tlog
D:\Studium\11.Auslandssemester Argentinien\Masterprojekt\Programación\Marilou\SAUM_NUMAREX\Code\NumarexControl\Debug\link.6968.read.2.tlog
D:\Studium\11.Auslandssemester Argentinien\Masterprojekt\Programación\Marilou\SAUM_NUMAREX\Code\NumarexControl\Debug\link.6968.write.1.tlog
D:\Studium\11.Auslandssemester Argentinien\Masterprojekt\Programación\Marilou\SAUM_NUMAREX\Code\NumarexControl\Debug\link.6968-cvtres.read.1.tlog
D:\Studium\11.Auslandssemester Argentinien\Masterprojekt\Programación\Marilou\SAUM_NUMAREX\Code\NumarexControl\Debug\link.6968-cvtres.write.1.tlog
D:\Studium\11.Auslandssemester Argentinien\Masterprojekt\Programación\Marilou\SAUM_NUMAREX\Code\NumarexControl\Debug\link.6984.read.1.tlog
D:\Studium\11.Auslandssemester Argentinien\Masterprojekt\Programación\Marilou\SAUM_NUMAREX\Code\NumarexControl\Debug\link.6984.read.2.tlog
D:\Studium\11.Auslandssemester Argentinien\Masterprojekt\Programación\Marilou\SAUM_NUMAREX\Code\NumarexControl\Debug\link.6984.write.1.tlog
D:\Studium\11.Auslandssemester Argentinien\Masterprojekt\Programación\Marilou\SAUM_NUMAREX\Code\NumarexControl\Debug\link.6984-cvtres.read.1.tlog
D:\Studium\11.Auslandssemester Argentinien\Masterprojekt\Programación\Marilou\SAUM_NUMAREX\Code\NumarexControl\Debug\link.6984-cvtres.write.1.tlog
D:\Studium\11.Auslandssemester Argentinien\Masterprojekt\Programación\Marilou\SAUM_NUMAREX\Code\NumarexControl\Debug\link.7012.read.1.tlog
D:\Studium\11.Auslandssemester Argentinien\Masterprojekt\Programación\Marilou\SAUM_NUMAREX\Code\NumarexControl\Debug\link.7012.read.2.tlog
D:\Studium\11.Auslandssemester Argentinien\Masterprojekt\Programación\Marilou\SAUM_NUMAREX\Code\NumarexControl\Debug\link.7012.write.1.tlog
D:\Studium\11.Auslandssemester Argentinien\Masterprojekt\Programación\Marilou\SAUM_NUMAREX\Code\NumarexControl\Debug\link.7012-cvtres.read.1.tlog
D:\Studium\11.Auslandssemester Argentinien\Masterprojekt\Programación\Marilou\SAUM_NUMAREX\Code\NumarexControl\Debug\link.7012-cvtres.write.1.tlog
D:\Studium\11.Auslandssemester Argentinien\Masterprojekt\Programación\Marilou\SAUM_NUMAREX\Code\NumarexControl\Debug\link.7068.read.1.tlog
D:\Studium\11.Auslandssemester Argentinien\Masterprojekt\Programación\Marilou\SAUM_NUMAREX\Code\NumarexControl\Debug\link.7068.read.2.tlog
D:\Studium\11.Auslandssemester Argentinien\Masterprojekt\Programación\Marilou\SAUM_NUMAREX\Code\NumarexControl\Debug\link.7068.write.1.tlog
D:\Studium\11.Auslandssemester Argentinien\Masterprojekt\Programación\Marilou\SAUM_NUMAREX\Code\NumarexControl\Debug\link.7068-cvtres.read.1.tlog
D:\Studium\11.Auslandssemester Argentinien\Masterprojekt\Programación\Marilou\SAUM_NUMAREX\Code\NumarexControl\Debug\link.7068-cvtres.write.1.tlog
D:\Studium\11.Auslandssemester Argentinien\Masterprojekt\Programación\Marilou\SAUM_NUMAREX\Code\NumarexControl\Debug\link.7140.read.1.tlog
D:\Studium\11.Auslandssemester Argentinien\Masterprojekt\Programación\Marilou\SAUM_NUMAREX\Code\NumarexControl\Debug\link.7140.read.2.tlog
D:\Studium\11.Auslandssemester Argentinien\Masterprojekt\Programación\Marilou\SAUM_NUMAREX\Code\NumarexControl\Debug\link.7140.write.1.tlog
D:\Studium\11.Auslandssemester Argentinien\Masterprojekt\Programación\Marilou\SAUM_NUMAREX\Code\NumarexControl\Debug\link.7140-cvtres.read.1.tlog
D:\Studium\11.Auslandssemester Argentinien\Masterprojekt\Programación\Marilou\SAUM_NUMAREX\Code\NumarexControl\Debug\link.7140-cvtres.write.1.tlog
D:\Studium\11.Auslandssemester Argentinien\Masterprojekt\Programación\Marilou\SAUM_NUMAREX\Code\NumarexControl\Debug\link.7164.read.1.tlog
D:\Studium\11.Auslandssemester Argentinien\Masterprojekt\Programación\Marilou\SAUM_NUMAREX\Code\NumarexControl\Debug\link.7164.read.2.tlog
D:\Studium\11.Auslandssemester Argentinien\Masterprojekt\Programación\Marilou\SAUM_NUMAREX\Code\NumarexControl\Debug\link.7164.write.1.tlog
D:\Studium\11.Auslandssemester Argentinien\Masterprojekt\Programación\Marilou\SAUM_NUMAREX\Code\NumarexControl\Debug\link.7164-cvtres.read.1.tlog
D:\Studium\11.Auslandssemester Argentinien\Masterprojekt\Programación\Marilou\SAUM_NUMAREX\Code\NumarexControl\Debug\link.7164-cvtres.write.1.tlog
D:\Studium\11.Auslandssemester Argentinien\Masterprojekt\Programación\Marilou\SAUM_NUMAREX\Code\NumarexControl\Debug\link.7228.read.1.tlog
D:\Studium\11.Auslandssemester Argentinien\Masterprojekt\Programación\Marilou\SAUM_NUMAREX\Code\NumarexControl\Debug\link.7228.read.2.tlog
D:\Studium\11.Auslandssemester Argentinien\Masterprojekt\Programación\Marilou\SAUM_NUMAREX\Code\NumarexControl\Debug\link.7228.write.1.tlog
D:\Studium\11.Auslandssemester Argentinien\Masterprojekt\Programación\Marilou\SAUM_NUMAREX\Code\NumarexControl\Debug\link.7228-cvtres.read.1.tlog
D:\Studium\11.Auslandssemester Argentinien\Masterprojekt\Programación\Marilou\SAUM_NUMAREX\Code\NumarexControl\Debug\link.7228-cvtres.write.1.tlog
D:\Studium\11.Auslandssemester Argentinien\Masterprojekt\Programación\Marilou\SAUM_NUMAREX\Code\NumarexControl\Debug\link.7992.read.1.tlog
D:\Studium\11.Auslandssemester Argentinien\Masterprojekt\Programación\Marilou\SAUM_NUMAREX\Code\NumarexControl\Debug\link.7992.read.2.tlog
D:\Studium\11.Auslandssemester Argentinien\Masterprojekt\Programación\Marilou\SAUM_NUMAREX\Code\NumarexControl\Debug\link.7992.write.1.tlog
D:\Studium\11.Auslandssemester Argentinien\Masterprojekt\Programación\Marilou\SAUM_NUMAREX\Code\NumarexControl\Debug\link.7992-cvtres.read.1.tlog
D:\Studium\11.Auslandssemester Argentinien\Masterprojekt\Programación\Marilou\SAUM_NUMAREX\Code\NumarexControl\Debug\link.7992-cvtres.write.1.tlog
D:\Studium\11.Auslandssemester Argentinien\Masterprojekt\Programación\Marilou\SAUM_NUMAREX\Code\NumarexControl\Debug\link.8024.read.1.tlog
D:\Studium\11.Auslandssemester Argentinien\Masterprojekt\Programación\Marilou\SAUM_NUMAREX\Code\NumarexControl\Debug\link.8024.read.2.tlog
D:\Studium\11.Auslandssemester Argentinien\Masterprojekt\Programación\Marilou\SAUM_NUMAREX\Code\NumarexControl\Debug\link.8024.write.1.tlog
D:\Studium\11.Auslandssemester Argentinien\Masterprojekt\Programación\Marilou\SAUM_NUMAREX\Code\NumarexControl\Debug\link.8024-cvtres.read.1.tlog
D:\Studium\11.Auslandssemester Argentinien\Masterprojekt\Programación\Marilou\SAUM_NUMAREX\Code\NumarexControl\Debug\link.8024-cvtres.write.1.tlog
D:\Studium\11.Auslandssemester Argentinien\Masterprojekt\Programación\Marilou\SAUM_NUMAREX\Code\NumarexControl\Debug\link.848.read.1.tlog
D:\Studium\11.Auslandssemester Argentinien\Masterprojekt\Programación\Marilou\SAUM_NUMAREX\Code\NumarexControl\Debug\link.848.read.2.tlog
D:\Studium\11.Auslandssemester Argentinien\Masterprojekt\Programación\Marilou\SAUM_NUMAREX\Code\NumarexControl\Debug\link.848.write.1.tlog
D:\Studium\11.Auslandssemester Argentinien\Masterprojekt\Programación\Marilou\SAUM_NUMAREX\Code\NumarexControl\Debug\link.848-cvtres.read.1.tlog
D:\Studium\11.Auslandssemester Argentinien\Masterprojekt\Programación\Marilou\SAUM_NUMAREX\Code\NumarexControl\Debug\link.848-cvtres.write.1.tlog
D:\Studium\11.Auslandssemester Argentinien\Masterprojekt\Programación\Marilou\SAUM_NUMAREX\Code\NumarexControl\Debug\link.924.read.1.tlog
D:\Studium\11.Auslandssemester Argentinien\Masterprojekt\Programación\Marilou\SAUM_NUMAREX\Code\NumarexControl\Debug\link.924.read.2.tlog
D:\Studium\11.Auslandssemester Argentinien\Masterprojekt\Programación\Marilou\SAUM_NUMAREX\Code\NumarexControl\Debug\link.924.write.1.tlog
D:\Studium\11.Auslandssemester Argentinien\Masterprojekt\Programación\Marilou\SAUM_NUMAREX\Code\NumarexControl\Debug\link.924-cvtres.read.1.tlog
D:\Studium\11.Auslandssemester Argentinien\Masterprojekt\Programación\Marilou\SAUM_NUMAREX\Code\NumarexControl\Debug\link.924-cvtres.write.1.tlog
D:\Studium\11.Auslandssemester Argentinien\Masterprojekt\Programación\Marilou\SAUM_NUMAREX\Code\NumarexControl\Debug\link.command.1.tlog
D:\Studium\11.Auslandssemester Argentinien\Masterprojekt\Programación\Marilou\SAUM_NUMAREX\Code\NumarexControl\Debug\link.read.1.tlog
D:\Studium\11.Auslandssemester Argentinien\Masterprojekt\Programación\Marilou\SAUM_NUMAREX\Code\NumarexControl\Debug\link.read.2.tlog
D:\Studium\11.Auslandssemester Argentinien\Masterprojekt\Programación\Marilou\SAUM_NUMAREX\Code\NumarexControl\Debug\link.write.1.tlog
D:\Studium\11.Auslandssemester Argentinien\Masterprojekt\Programación\Marilou\SAUM_NUMAREX\Code\NumarexControl\Debug\link-cvtres.read.1.tlog
D:\Studium\11.Auslandssemester Argentinien\Masterprojekt\Programación\Marilou\SAUM_NUMAREX\Code\NumarexControl\Debug\link-cvtres.write.1.tlog
D:\Studium\11.Auslandssemester Argentinien\Masterprojekt\Programación\Marilou\SAUM_NUMAREX\Code\NumarexControl\Debug\mt.command.1.tlog
D:\Studium\11.Auslandssemester Argentinien\Masterprojekt\Programación\Marilou\SAUM_NUMAREX\Code\NumarexControl\Debug\mt.read.1.tlog
D:\Studium\11.Auslandssemester Argentinien\Masterprojekt\Programación\Marilou\SAUM_NUMAREX\Code\NumarexControl\Debug\mt.write.1.tlog
D:\Studium\11.Auslandssemester Argentinien\Masterprojekt\Programación\Marilou\SAUM_NUMAREX\Code\NumarexControl\Debug\NumarexControl.exe.embed.manifest
D:\STUDIUM\11.AUSLANDSSEMESTER ARGENTINIEN\MASTERPROJEKT\PROGRAMACIóN\MARILOU\SAUM_NUMAREX\CODE\NUMAREXCONTROL\DEBUG\NUMAREXCONTROL.EXE.EMBED.MANIFEST.RES
D:\STUDIUM\11.AUSLANDSSEMESTER ARGENTINIEN\MASTERPROJEKT\PROGRAMACIóN\MARILOU\SAUM_NUMAREX\CODE\NUMAREXCONTROL\DEBUG\NUMAREXCONTROL.EXE.INTERMEDIATE.MANIFEST
D:\STUDIUM\11.AUSLANDSSEMESTER ARGENTINIEN\MASTERPROJEKT\PROGRAMACIóN\MARILOU\SAUM_NUMAREX\CODE\NUMAREXCONTROL\DEBUG\NUMAREXCONTROL.OBJ
D:\STUDIUM\11.AUSLANDSSEMESTER ARGENTINIEN\MASTERPROJEKT\PROGRAMACIóN\MARILOU\SAUM_NUMAREX\CODE\NUMAREXCONTROL\DEBUG\NUMAREXCONTROL.RES
D:\Studium\11.Auslandssemester Argentinien\Masterprojekt\Programación\Marilou\SAUM_NUMAREX\Code\NumarexControl\Debug\NumarexControl_manifest.rc
D:\Studium\11.Auslandssemester Argentinien\Masterprojekt\Programación\Marilou\SAUM_NUMAREX\Code\NumarexControl\Debug\rc.command.1.tlog
D:\Studium\11.Auslandssemester Argentinien\Masterprojekt\Programación\Marilou\SAUM_NUMAREX\Code\NumarexControl\Debug\rc.read.1.tlog
D:\Studium\11.Auslandssemester Argentinien\Masterprojekt\Programación\Marilou\SAUM_NUMAREX\Code\NumarexControl\Debug\rc.write.1.tlog
D:\STUDIUM\11.AUSLANDSSEMESTER ARGENTINIEN\MASTERPROJEKT\PROGRAMACIóN\MARILOU\SAUM_NUMAREX\CODE\NUMAREXCONTROL\DEBUG\SERVERCONNECTION.OBJ
D:\STUDIUM\11.AUSLANDSSEMESTER ARGENTINIEN\MASTERPROJEKT\PROGRAMACIóN\MARILOU\SAUM_NUMAREX\CODE\NUMAREXCONTROL\DEBUG\STDAFX.OBJ
D:\Studium\11.Auslandssemester Argentinien\Masterprojekt\Programación\Marilou\SAUM_NUMAREX\Code\NumarexControl\Debug\vc100.idb
D:\STUDIUM\11.AUSLANDSSEMESTER ARGENTINIEN\MASTERPROJEKT\PROGRAMACIÓN\MARILOU\SAUM_NUMAREX\CODE\NUMAREXCONTROL\DEBUG\VC100.PDB
